  main.cpp
C:\Users\3-3-3\source\repos\Л.Р 30 (Дерево АТД)\Л.Р 30 (Дерево АТД)\main.cpp(96,39): warning C4244: =: преобразование "double" в "int", возможна потеря данных
C:\Users\3-3-3\source\repos\Л.Р 30 (Дерево АТД)\Л.Р 30 (Дерево АТД)\main.cpp(106,39): warning C4244: =: преобразование "double" в "int", возможна потеря данных
C:\Users\3-3-3\source\repos\Л.Р 30 (Дерево АТД)\Л.Р 30 (Дерево АТД)\main.cpp(189,38): warning C4244: =: преобразование "double" в "float", возможна потеря данных
C:\Users\3-3-3\source\repos\Л.Р 30 (Дерево АТД)\Л.Р 30 (Дерево АТД)\main.cpp(190,38): warning C4244: =: преобразование "double" в "float", возможна потеря данных
C:\Users\3-3-3\source\repos\Л.Р 30 (Дерево АТД)\Л.Р 30 (Дерево АТД)\main.cpp(203,38): warning C4244: =: преобразование "double" в "float", возможна потеря данных
C:\Users\3-3-3\source\repos\Л.Р 30 (Дерево АТД)\Л.Р 30 (Дерево АТД)\main.cpp(204,38): warning C4244: =: преобразование "double" в "float", возможна потеря данных
C:\Users\3-3-3\source\repos\Л.Р 30 (Дерево АТД)\Л.Р 30 (Дерево АТД)\main.cpp(221,38): warning C4244: =: преобразование "double" в "float", возможна потеря данных
C:\Users\3-3-3\source\repos\Л.Р 30 (Дерево АТД)\Л.Р 30 (Дерево АТД)\main.cpp(222,38): warning C4244: =: преобразование "double" в "float", возможна потеря данных
C:\Users\3-3-3\source\repos\Л.Р 30 (Дерево АТД)\Л.Р 30 (Дерево АТД)\main.cpp(235,38): warning C4244: =: преобразование "double" в "float", возможна потеря данных
C:\Users\3-3-3\source\repos\Л.Р 30 (Дерево АТД)\Л.Р 30 (Дерево АТД)\main.cpp(236,38): warning C4244: =: преобразование "double" в "float", возможна потеря данных
C:\Users\3-3-3\source\repos\Л.Р 30 (Дерево АТД)\Л.Р 30 (Дерево АТД)\main.cpp(353,27): warning C4018: <: несоответствие типов со знаком и без знака
C:\Users\3-3-3\source\repos\Л.Р 30 (Дерево АТД)\Л.Р 30 (Дерево АТД)\main.cpp(455,23): warning C4018: <: несоответствие типов со знаком и без знака
C:\Users\3-3-3\source\repos\Л.Р 30 (Дерево АТД)\Л.Р 30 (Дерево АТД)\main.cpp(466,23): warning C4018: <: несоответствие типов со знаком и без знака
C:\Users\3-3-3\source\repos\Л.Р 30 (Дерево АТД)\Л.Р 30 (Дерево АТД)\main.cpp(470,27): warning C4018: <: несоответствие типов со знаком и без знака
C:\Users\3-3-3\source\repos\Л.Р 30 (Дерево АТД)\Л.Р 30 (Дерево АТД)\main.cpp(486,27): warning C4018: <: несоответствие типов со знаком и без знака
C:\Users\3-3-3\source\repos\Л.Р 30 (Дерево АТД)\Л.Р 30 (Дерево АТД)\main.cpp(530,19): warning C4244: =: преобразование "double" в "int", возможна потеря данных
  Source.cpp
  Создание кода...
  Л.Р 30 (Дерево АТД).vcxproj -> C:\Users\3-3-3\source\repos\Л.Р 30 (Дерево АТД)\Debug\Л.Р 30 (Дерево АТД).exe
